[2019-08-08 00:05:16.537] [restartedMain] [ERROR] com.alibaba.druid.filter.FilterManager - load filter error, filter not found : logback
[2019-08-08 00:05:21.396] [restartedMain] [ERROR] org.springframework.boot.SpringApplication - Application run failed
org.springframework.beans.factory.BeanCreationException: Error creating bean with name 'requestMappingHandlerMapping' defined in class path resource [org/springframework/boot/autoconfigure/web/servlet/WebMvcAutoConfiguration$EnableWebMvcConfiguration.class]: Invocation of init method failed; nested exception is java.lang.IllegalStateException: Ambiguous mapping. Cannot map 'discountCouponController' method 
public java.util.List<com.hy.hyTravel.entity.DiscountCoupon> com.hy.hyTravel.controller.DiscountCouponController.getAll()
to {GET /discountCoupon/api}: There is already 'diningHallContrller' bean method
public java.util.List<com.hy.hyTravel.entity.DiningHall> com.hy.hyTravel.controller.DiningHallContrller.getAll() mapped.
	at org.springframework.beans.factory.support.AbstractAutowireCapableBeanFactory.initializeBean(AbstractAutowireCapableBeanFactory.java:1762)
	at org.springframework.beans.factory.support.AbstractAutowireCapableBeanFactory.doCreateBean(AbstractAutowireCapableBeanFactory.java:593)
	at org.springframework.beans.factory.support.AbstractAutowireCapableBeanFactory.createBean(AbstractAutowireCapableBeanFactory.java:515)
	at org.springframework.beans.factory.support.AbstractBeanFactory.lambda$doGetBean$0(AbstractBeanFactory.java:320)
	at org.springframework.beans.factory.support.DefaultSingletonBeanRegistry.getSingleton(DefaultSingletonBeanRegistry.java:222)
	at org.springframework.beans.factory.support.AbstractBeanFactory.doGetBean(AbstractBeanFactory.java:318)
	at org.springframework.beans.factory.support.AbstractBeanFactory.getBean(AbstractBeanFactory.java:199)
	at org.springframework.beans.factory.support.DefaultListableBeanFactory.preInstantiateSingletons(DefaultListableBeanFactory.java:849)
	at org.springframework.context.support.AbstractApplicationContext.finishBeanFactoryInitialization(AbstractApplicationContext.java:877)
	at org.springframework.context.support.AbstractApplicationContext.refresh(AbstractApplicationContext.java:549)
	at org.springframework.boot.web.servlet.context.ServletWebServerApplicationContext.refresh(ServletWebServerApplicationContext.java:142)
	at org.springframework.boot.SpringApplication.refresh(SpringApplication.java:775)
	at org.springframework.boot.SpringApplication.refreshContext(SpringApplication.java:397)
	at org.springframework.boot.SpringApplication.run(SpringApplication.java:316)
	at org.springframework.boot.SpringApplication.run(SpringApplication.java:1260)
	at org.springframework.boot.SpringApplication.run(SpringApplication.java:1248)
	at com.hy.hyTravel.HyTravelApplication.main(HyTravelApplication.java:13)
	at sun.reflect.NativeMethodAccessorImpl.invoke0(Native Method)
	at sun.reflect.NativeMethodAccessorImpl.invoke(NativeMethodAccessorImpl.java:62)
	at sun.reflect.DelegatingMethodAccessorImpl.invoke(DelegatingMethodAccessorImpl.java:43)
	at java.lang.reflect.Method.invoke(Method.java:498)
	at org.springframework.boot.devtools.restart.RestartLauncher.run(RestartLauncher.java:49)
Caused by: java.lang.IllegalStateException: Ambiguous mapping. Cannot map 'discountCouponController' method 
public java.util.List<com.hy.hyTravel.entity.DiscountCoupon> com.hy.hyTravel.controller.DiscountCouponController.getAll()
to {GET /discountCoupon/api}: There is already 'diningHallContrller' bean method
public java.util.List<com.hy.hyTravel.entity.DiningHall> com.hy.hyTravel.controller.DiningHallContrller.getAll() mapped.
	at org.springframework.web.servlet.handler.AbstractHandlerMethodMapping$MappingRegistry.assertUniqueMethodMapping(AbstractHandlerMethodMapping.java:618)
	at org.springframework.web.servlet.handler.AbstractHandlerMethodMapping$MappingRegistry.register(AbstractHandlerMethodMapping.java:586)
	at org.springframework.web.servlet.handler.AbstractHandlerMethodMapping.registerHandlerMethod(AbstractHandlerMethodMapping.java:312)
	at org.springframework.web.servlet.handler.AbstractHandlerMethodMapping.lambda$detectHandlerMethods$1(AbstractHandlerMethodMapping.java:282)
	at java.util.LinkedHashMap.forEach(LinkedHashMap.java:684)
	at org.springframework.web.servlet.handler.AbstractHandlerMethodMapping.detectHandlerMethods(AbstractHandlerMethodMapping.java:280)
	at org.springframework.web.servlet.handler.AbstractHandlerMethodMapping.processCandidateBean(AbstractHandlerMethodMapping.java:252)
	at org.springframework.web.servlet.handler.AbstractHandlerMethodMapping.initHandlerMethods(AbstractHandlerMethodMapping.java:211)
	at org.springframework.web.servlet.handler.AbstractHandlerMethodMapping.afterPropertiesSet(AbstractHandlerMethodMapping.java:199)
	at org.springframework.web.servlet.mvc.method.annotation.RequestMappingHandlerMapping.afterPropertiesSet(RequestMappingHandlerMapping.java:164)
	at org.springframework.beans.factory.support.AbstractAutowireCapableBeanFactory.invokeInitMethods(AbstractAutowireCapableBeanFactory.java:1821)
	at org.springframework.beans.factory.support.AbstractAutowireCapableBeanFactory.initializeBean(AbstractAutowireCapableBeanFactory.java:1758)
	... 21 common frames omitted
[2019-08-08 00:05:55.086] [restartedMain] [ERROR] com.alibaba.druid.filter.FilterManager - load filter error, filter not found : logback
[2019-08-08 14:43:30.001] [restartedMain] [ERROR] com.alibaba.druid.filter.FilterManager - load filter error, filter not found : logback
[2019-08-08 14:52:00.557] [restartedMain] [ERROR] com.alibaba.druid.filter.FilterManager - load filter error, filter not found : logback
[2019-08-08 14:57:42.347] [restartedMain] [ERROR] com.alibaba.druid.filter.FilterManager - load filter error, filter not found : logback
[2019-08-08 15:07:06.995] [restartedMain] [ERROR] com.alibaba.druid.filter.FilterManager - load filter error, filter not found : logback
[2019-08-08 15:13:49.190] [restartedMain] [ERROR] com.alibaba.druid.filter.FilterManager - load filter error, filter not found : logback
[2019-08-08 15:15:23.467] [restartedMain] [ERROR] com.alibaba.druid.filter.FilterManager - load filter error, filter not found : logback
[2019-08-08 15:37:16.248] [restartedMain] [ERROR] com.alibaba.druid.filter.FilterManager - load filter error, filter not found : logback
